<?xml version="1.0" encoding="UTF-8"?>
<!-- Generated by org.testng.reporters.JUnitReportReporter -->
<testsuite hostname="DESKTOP-OLCN4O6" failures="0" tests="1" name="books.TC_001_Test" time="4.405" errors="0" timestamp="2025-02-20T19:46:48 IST" skipped="0">
  <testcase classname="books.TC_001_Test" name="clickOnBooks" time="4.405"/>
</testsuite> <!-- books.TC_001_Test -->
