<?xml version="1.0" encoding="UTF-8"?>
<!-- Generated by org.testng.reporters.JUnitReportReporter -->
<testsuite hostname="DESKTOP-OLCN4O6" failures="0" tests="1" name="giftCards.TC_004_Test" time="1.932" errors="0" timestamp="2025-02-20T23:50:39 IST" skipped="0">
  <testcase classname="giftCards.TC_004_Test" name="clickOnGiftCards" time="1.932"/>
</testsuite> <!-- giftCards.TC_004_Test -->
