<?xml version="1.0" encoding="UTF-8"?>
<!-- Generated by org.testng.reporters.JUnitReportReporter -->
<testsuite hostname="DESKTOP-OLCN4O6" failures="0" tests="1" name="electronics.TC_003_Test" time="3.348" errors="0" timestamp="2025-02-20T23:50:22 IST" skipped="0">
  <testcase classname="electronics.TC_003_Test" name="clickOnElectronics" time="3.348"/>
</testsuite> <!-- electronics.TC_003_Test -->
