<?xml version="1.0" encoding="UTF-8"?>
<!-- Generated by org.testng.reporters.JUnitReportReporter -->
<testsuite hostname="DESKTOP-OLCN4O6" failures="0" tests="1" name="computers.TC_002_Test" time="2.126" errors="0" timestamp="2025-02-20T23:43:41 IST" skipped="0">
  <testcase classname="computers.TC_002_Test" name="clickOnComputers" time="2.126"/>
</testsuite> <!-- computers.TC_002_Test -->
